CRITICAL - 2023-06-19 04:10:48 --> Undefined variable $matkul
in APPPATH\Views\result.php on line 30.
 1 APPPATH\Views\result.php(30): CodeIgniter\Debug\Exceptions->errorHandler(2, 'Undefined variable $matkul', 'C:\\xampp\\htdocs\\praktikumweb\\app\\Views\\result.php', 30)
 2 SYSTEMPATH\View\View.php(213): include('C:\\xampp\\htdocs\\praktikumweb\\app\\Views\\result.php')
 3 SYSTEMPATH\View\View.php(216): CodeIgniter\View\View->CodeIgniter\View\{closure}()
 4 SYSTEMPATH\Common.php(1184): CodeIgniter\View\View->render('result', [], true)
 5 APPPATH\Controllers\FormController.php(29): view('result', [...])
 6 SYSTEMPATH\CodeIgniter.php(934): App\Controllers\FormController->processForm()
 7 SYSTEMPATH\CodeIgniter.php(499): CodeIgniter\CodeIgniter->runController(Object(App\Controllers\FormController))
 8 SYSTEMPATH\CodeIgniter.php(368): CodeIgniter\CodeIgniter->handleRequest(null, Object(Config\Cache), false)
 9 FCPATH\index.php(67): CodeIgniter\CodeIgniter->run()
10 SYSTEMPATH\Commands\Server\rewrite.php(47): require_once('C:\\xampp\\htdocs\\praktikumweb\\public\\index.php')
CRITICAL - 2023-06-19 04:11:15 --> Undefined variable $matkul
in APPPATH\Views\result.php on line 30.
 1 APPPATH\Views\result.php(30): CodeIgniter\Debug\Exceptions->errorHandler(2, 'Undefined variable $matkul', 'C:\\xampp\\htdocs\\praktikumweb\\app\\Views\\result.php', 30)
 2 SYSTEMPATH\View\View.php(213): include('C:\\xampp\\htdocs\\praktikumweb\\app\\Views\\result.php')
 3 SYSTEMPATH\View\View.php(216): CodeIgniter\View\View->CodeIgniter\View\{closure}()
 4 SYSTEMPATH\Common.php(1184): CodeIgniter\View\View->render('result', [], true)
 5 APPPATH\Controllers\FormController.php(29): view('result', [...])
 6 SYSTEMPATH\CodeIgniter.php(934): App\Controllers\FormController->processForm()
 7 SYSTEMPATH\CodeIgniter.php(499): CodeIgniter\CodeIgniter->runController(Object(App\Controllers\FormController))
 8 SYSTEMPATH\CodeIgniter.php(368): CodeIgniter\CodeIgniter->handleRequest(null, Object(Config\Cache), false)
 9 FCPATH\index.php(67): CodeIgniter\CodeIgniter->run()
10 SYSTEMPATH\Commands\Server\rewrite.php(47): require_once('C:\\xampp\\htdocs\\praktikumweb\\public\\index.php')
CRITICAL - 2023-06-19 04:11:20 --> Undefined variable $matkul
in APPPATH\Views\result.php on line 30.
 1 APPPATH\Views\result.php(30): CodeIgniter\Debug\Exceptions->errorHandler(2, 'Undefined variable $matkul', 'C:\\xampp\\htdocs\\praktikumweb\\app\\Views\\result.php', 30)
 2 SYSTEMPATH\View\View.php(213): include('C:\\xampp\\htdocs\\praktikumweb\\app\\Views\\result.php')
 3 SYSTEMPATH\View\View.php(216): CodeIgniter\View\View->CodeIgniter\View\{closure}()
 4 SYSTEMPATH\Common.php(1184): CodeIgniter\View\View->render('result', [], true)
 5 APPPATH\Controllers\FormController.php(29): view('result', [...])
 6 SYSTEMPATH\CodeIgniter.php(934): App\Controllers\FormController->processForm()
 7 SYSTEMPATH\CodeIgniter.php(499): CodeIgniter\CodeIgniter->runController(Object(App\Controllers\FormController))
 8 SYSTEMPATH\CodeIgniter.php(368): CodeIgniter\CodeIgniter->handleRequest(null, Object(Config\Cache), false)
 9 FCPATH\index.php(67): CodeIgniter\CodeIgniter->run()
10 SYSTEMPATH\Commands\Server\rewrite.php(47): require_once('C:\\xampp\\htdocs\\praktikumweb\\public\\index.php')
CRITICAL - 2023-06-19 04:17:04 --> Undefined variable $matkul
in APPPATH\Views\result.php on line 30.
 1 APPPATH\Views\result.php(30): CodeIgniter\Debug\Exceptions->errorHandler(2, 'Undefined variable $matkul', 'C:\\xampp\\htdocs\\praktikumweb\\app\\Views\\result.php', 30)
 2 SYSTEMPATH\View\View.php(213): include('C:\\xampp\\htdocs\\praktikumweb\\app\\Views\\result.php')
 3 SYSTEMPATH\View\View.php(216): CodeIgniter\View\View->CodeIgniter\View\{closure}()
 4 SYSTEMPATH\Common.php(1184): CodeIgniter\View\View->render('result', [], true)
 5 APPPATH\Controllers\FormController.php(29): view('result', [...])
 6 SYSTEMPATH\CodeIgniter.php(934): App\Controllers\FormController->processForm()
 7 SYSTEMPATH\CodeIgniter.php(499): CodeIgniter\CodeIgniter->runController(Object(App\Controllers\FormController))
 8 SYSTEMPATH\CodeIgniter.php(368): CodeIgniter\CodeIgniter->handleRequest(null, Object(Config\Cache), false)
 9 FCPATH\index.php(67): CodeIgniter\CodeIgniter->run()
10 SYSTEMPATH\Commands\Server\rewrite.php(47): require_once('C:\\xampp\\htdocs\\praktikumweb\\public\\index.php')
CRITICAL - 2023-06-19 04:17:58 --> Undefined variable $matkul
in APPPATH\Views\result.php on line 30.
 1 APPPATH\Views\result.php(30): CodeIgniter\Debug\Exceptions->errorHandler(2, 'Undefined variable $matkul', 'C:\\xampp\\htdocs\\praktikumweb\\app\\Views\\result.php', 30)
 2 SYSTEMPATH\View\View.php(213): include('C:\\xampp\\htdocs\\praktikumweb\\app\\Views\\result.php')
 3 SYSTEMPATH\View\View.php(216): CodeIgniter\View\View->CodeIgniter\View\{closure}()
 4 SYSTEMPATH\Common.php(1184): CodeIgniter\View\View->render('result', [], true)
 5 APPPATH\Controllers\FormController.php(29): view('result', [...])
 6 SYSTEMPATH\CodeIgniter.php(934): App\Controllers\FormController->processForm()
 7 SYSTEMPATH\CodeIgniter.php(499): CodeIgniter\CodeIgniter->runController(Object(App\Controllers\FormController))
 8 SYSTEMPATH\CodeIgniter.php(368): CodeIgniter\CodeIgniter->handleRequest(null, Object(Config\Cache), false)
 9 FCPATH\index.php(67): CodeIgniter\CodeIgniter->run()
10 SYSTEMPATH\Commands\Server\rewrite.php(47): require_once('C:\\xampp\\htdocs\\praktikumweb\\public\\index.php')
CRITICAL - 2023-06-19 04:21:58 --> Undefined variable $matkul
in APPPATH\Views\result.php on line 30.
 1 APPPATH\Views\result.php(30): CodeIgniter\Debug\Exceptions->errorHandler(2, 'Undefined variable $matkul', 'C:\\xampp\\htdocs\\praktikumweb\\app\\Views\\result.php', 30)
 2 SYSTEMPATH\View\View.php(213): include('C:\\xampp\\htdocs\\praktikumweb\\app\\Views\\result.php')
 3 SYSTEMPATH\View\View.php(216): CodeIgniter\View\View->CodeIgniter\View\{closure}()
 4 SYSTEMPATH\Common.php(1184): CodeIgniter\View\View->render('result', [], true)
 5 APPPATH\Controllers\FormController.php(29): view('result', [...])
 6 SYSTEMPATH\CodeIgniter.php(934): App\Controllers\FormController->processForm()
 7 SYSTEMPATH\CodeIgniter.php(499): CodeIgniter\CodeIgniter->runController(Object(App\Controllers\FormController))
 8 SYSTEMPATH\CodeIgniter.php(368): CodeIgniter\CodeIgniter->handleRequest(null, Object(Config\Cache), false)
 9 FCPATH\index.php(67): CodeIgniter\CodeIgniter->run()
10 SYSTEMPATH\Commands\Server\rewrite.php(47): require_once('C:\\xampp\\htdocs\\praktikumweb\\public\\index.php')
CRITICAL - 2023-06-19 04:24:56 --> Undefined variable $matkul
in APPPATH\Views\result.php on line 30.
 1 APPPATH\Views\result.php(30): CodeIgniter\Debug\Exceptions->errorHandler(2, 'Undefined variable $matkul', 'C:\\xampp\\htdocs\\praktikumweb\\app\\Views\\result.php', 30)
 2 SYSTEMPATH\View\View.php(213): include('C:\\xampp\\htdocs\\praktikumweb\\app\\Views\\result.php')
 3 SYSTEMPATH\View\View.php(216): CodeIgniter\View\View->CodeIgniter\View\{closure}()
 4 SYSTEMPATH\Common.php(1184): CodeIgniter\View\View->render('result', [], true)
 5 APPPATH\Controllers\FormController.php(29): view('result', [...])
 6 SYSTEMPATH\CodeIgniter.php(934): App\Controllers\FormController->processForm()
 7 SYSTEMPATH\CodeIgniter.php(499): CodeIgniter\CodeIgniter->runController(Object(App\Controllers\FormController))
 8 SYSTEMPATH\CodeIgniter.php(368): CodeIgniter\CodeIgniter->handleRequest(null, Object(Config\Cache), false)
 9 FCPATH\index.php(67): CodeIgniter\CodeIgniter->run()
10 SYSTEMPATH\Commands\Server\rewrite.php(47): require_once('C:\\xampp\\htdocs\\praktikumweb\\public\\index.php')
CRITICAL - 2023-06-19 04:25:29 --> syntax error, unexpected token "use", expecting "," or ";"
in APPPATH\Controllers\FormController.php on line 4.
 1 SYSTEMPATH\Autoloader\Autoloader.php(289): CodeIgniter\Autoloader\Autoloader->includeFile('C:\\xampp\\htdocs\\praktikumweb\\app\\Controllers\\FormController.php')
 2 SYSTEMPATH\Autoloader\Autoloader.php(267): CodeIgniter\Autoloader\Autoloader->loadInNamespace('App\\Controllers\\FormController')
 3 [internal function]: CodeIgniter\Autoloader\Autoloader->loadClass('App\\Controllers\\FormController')
 4 SYSTEMPATH\CodeIgniter.php(892): class_exists('\\App\\Controllers\\FormController', true)
 5 SYSTEMPATH\CodeIgniter.php(486): CodeIgniter\CodeIgniter->startController()
 6 SYSTEMPATH\CodeIgniter.php(368): CodeIgniter\CodeIgniter->handleRequest(null, Object(Config\Cache), false)
 7 FCPATH\index.php(67): CodeIgniter\CodeIgniter->run()
 8 SYSTEMPATH\Commands\Server\rewrite.php(47): require_once('C:\\xampp\\htdocs\\praktikumweb\\public\\index.php')
CRITICAL - 2023-06-19 04:25:35 --> syntax error, unexpected token "use", expecting "," or ";"
in APPPATH\Controllers\FormController.php on line 4.
 1 SYSTEMPATH\Autoloader\Autoloader.php(289): CodeIgniter\Autoloader\Autoloader->includeFile('C:\\xampp\\htdocs\\praktikumweb\\app\\Controllers\\FormController.php')
 2 SYSTEMPATH\Autoloader\Autoloader.php(267): CodeIgniter\Autoloader\Autoloader->loadInNamespace('App\\Controllers\\FormController')
 3 [internal function]: CodeIgniter\Autoloader\Autoloader->loadClass('App\\Controllers\\FormController')
 4 SYSTEMPATH\CodeIgniter.php(892): class_exists('\\App\\Controllers\\FormController', true)
 5 SYSTEMPATH\CodeIgniter.php(486): CodeIgniter\CodeIgniter->startController()
 6 SYSTEMPATH\CodeIgniter.php(368): CodeIgniter\CodeIgniter->handleRequest(null, Object(Config\Cache), false)
 7 FCPATH\index.php(67): CodeIgniter\CodeIgniter->run()
 8 SYSTEMPATH\Commands\Server\rewrite.php(47): require_once('C:\\xampp\\htdocs\\praktikumweb\\public\\index.php')
CRITICAL - 2023-06-19 04:25:37 --> syntax error, unexpected token "use", expecting "," or ";"
in APPPATH\Controllers\FormController.php on line 4.
 1 SYSTEMPATH\Autoloader\Autoloader.php(289): CodeIgniter\Autoloader\Autoloader->includeFile('C:\\xampp\\htdocs\\praktikumweb\\app\\Controllers\\FormController.php')
 2 SYSTEMPATH\Autoloader\Autoloader.php(267): CodeIgniter\Autoloader\Autoloader->loadInNamespace('App\\Controllers\\FormController')
 3 [internal function]: CodeIgniter\Autoloader\Autoloader->loadClass('App\\Controllers\\FormController')
 4 SYSTEMPATH\CodeIgniter.php(892): class_exists('\\App\\Controllers\\FormController', true)
 5 SYSTEMPATH\CodeIgniter.php(486): CodeIgniter\CodeIgniter->startController()
 6 SYSTEMPATH\CodeIgniter.php(368): CodeIgniter\CodeIgniter->handleRequest(null, Object(Config\Cache), false)
 7 FCPATH\index.php(67): CodeIgniter\CodeIgniter->run()
 8 SYSTEMPATH\Commands\Server\rewrite.php(47): require_once('C:\\xampp\\htdocs\\praktikumweb\\public\\index.php')
