CRITICAL - 2023-06-29 04:49:16 --> Invalid file: "layout/32602100045_fatwaakbarjiwani.php"
in SYSTEMPATH\Exceptions\FrameworkException.php on line 33.
 1 SYSTEMPATH\View\View.php(201): CodeIgniter\Exceptions\FrameworkException::forInvalidFile('layout/32602100045_fatwaakbarjiwani.php')
 2 SYSTEMPATH\View\View.php(229): CodeIgniter\View\View->render('layout/32602100045_fatwaakbarjiwani', [], true)
 3 SYSTEMPATH\Common.php(1184): CodeIgniter\View\View->render('fatwa_32602100045', [], true)
 4 APPPATH\Controllers\LayoutController.php(9): view('fatwa_32602100045')
 5 SYSTEMPATH\CodeIgniter.php(934): App\Controllers\LayoutController->index()
 6 SYSTEMPATH\CodeIgniter.php(499): CodeIgniter\CodeIgniter->runController(Object(App\Controllers\LayoutController))
 7 SYSTEMPATH\CodeIgniter.php(368): CodeIgniter\CodeIgniter->handleRequest(null, Object(Config\Cache), false)
 8 FCPATH\index.php(67): CodeIgniter\CodeIgniter->run()
 9 SYSTEMPATH\Commands\Server\rewrite.php(47): require_once('C:\\xampp\\htdocs\\praktikumweb\\public\\index.php')
CRITICAL - 2023-06-29 04:50:09 --> Invalid file: "layout/32602100045_fatwaakbarjiwani.php"
in SYSTEMPATH\Exceptions\FrameworkException.php on line 33.
 1 SYSTEMPATH\View\View.php(201): CodeIgniter\Exceptions\FrameworkException::forInvalidFile('layout/32602100045_fatwaakbarjiwani.php')
 2 SYSTEMPATH\View\View.php(229): CodeIgniter\View\View->render('layout/32602100045_fatwaakbarjiwani', [], true)
 3 SYSTEMPATH\Common.php(1184): CodeIgniter\View\View->render('fatwa_32602100045', [], true)
 4 APPPATH\Controllers\LayoutController.php(9): view('fatwa_32602100045')
 5 SYSTEMPATH\CodeIgniter.php(934): App\Controllers\LayoutController->index()
 6 SYSTEMPATH\CodeIgniter.php(499): CodeIgniter\CodeIgniter->runController(Object(App\Controllers\LayoutController))
 7 SYSTEMPATH\CodeIgniter.php(368): CodeIgniter\CodeIgniter->handleRequest(null, Object(Config\Cache), false)
 8 FCPATH\index.php(67): CodeIgniter\CodeIgniter->run()
 9 SYSTEMPATH\Commands\Server\rewrite.php(47): require_once('C:\\xampp\\htdocs\\praktikumweb\\public\\index.php')
CRITICAL - 2023-06-29 04:55:00 --> Invalid file: "layout/32602100045_fatwaakbarjiwani.php"
in SYSTEMPATH\Exceptions\FrameworkException.php on line 33.
 1 SYSTEMPATH\View\View.php(201): CodeIgniter\Exceptions\FrameworkException::forInvalidFile('layout/32602100045_fatwaakbarjiwani.php')
 2 SYSTEMPATH\View\View.php(229): CodeIgniter\View\View->render('layout/32602100045_fatwaakbarjiwani', [], true)
 3 SYSTEMPATH\Common.php(1184): CodeIgniter\View\View->render('fatwa_32602100045', [], true)
 4 APPPATH\Controllers\LayoutController.php(9): view('fatwa_32602100045')
 5 SYSTEMPATH\CodeIgniter.php(934): App\Controllers\LayoutController->index()
 6 SYSTEMPATH\CodeIgniter.php(499): CodeIgniter\CodeIgniter->runController(Object(App\Controllers\LayoutController))
 7 SYSTEMPATH\CodeIgniter.php(368): CodeIgniter\CodeIgniter->handleRequest(null, Object(Config\Cache), false)
 8 FCPATH\index.php(67): CodeIgniter\CodeIgniter->run()
 9 SYSTEMPATH\Commands\Server\rewrite.php(47): require_once('C:\\xampp\\htdocs\\praktikumweb\\public\\index.php')
CRITICAL - 2023-06-29 04:55:02 --> Invalid file: "layout/32602100045_fatwaakbarjiwani.php"
in SYSTEMPATH\Exceptions\FrameworkException.php on line 33.
 1 SYSTEMPATH\View\View.php(201): CodeIgniter\Exceptions\FrameworkException::forInvalidFile('layout/32602100045_fatwaakbarjiwani.php')
 2 SYSTEMPATH\View\View.php(229): CodeIgniter\View\View->render('layout/32602100045_fatwaakbarjiwani', [], true)
 3 SYSTEMPATH\Common.php(1184): CodeIgniter\View\View->render('fatwa_32602100045', [], true)
 4 APPPATH\Controllers\LayoutController.php(9): view('fatwa_32602100045')
 5 SYSTEMPATH\CodeIgniter.php(934): App\Controllers\LayoutController->index()
 6 SYSTEMPATH\CodeIgniter.php(499): CodeIgniter\CodeIgniter->runController(Object(App\Controllers\LayoutController))
 7 SYSTEMPATH\CodeIgniter.php(368): CodeIgniter\CodeIgniter->handleRequest(null, Object(Config\Cache), false)
 8 FCPATH\index.php(67): CodeIgniter\CodeIgniter->run()
 9 SYSTEMPATH\Commands\Server\rewrite.php(47): require_once('C:\\xampp\\htdocs\\praktikumweb\\public\\index.php')
CRITICAL - 2023-06-29 04:59:12 --> Class "App\Controllers\Controller" not found
in APPPATH\Controllers\LayoutController.php on line 6.
 1 SYSTEMPATH\Autoloader\Autoloader.php(312): include_once()
 2 SYSTEMPATH\Autoloader\Autoloader.php(289): CodeIgniter\Autoloader\Autoloader->includeFile('C:\\xampp\\htdocs\\praktikumweb\\app\\Controllers\\LayoutController.php')
 3 SYSTEMPATH\Autoloader\Autoloader.php(267): CodeIgniter\Autoloader\Autoloader->loadInNamespace('App\\Controllers\\LayoutController')
 4 [internal function]: CodeIgniter\Autoloader\Autoloader->loadClass('App\\Controllers\\LayoutController')
 5 SYSTEMPATH\CodeIgniter.php(892): class_exists('\\App\\Controllers\\LayoutController', true)
 6 SYSTEMPATH\CodeIgniter.php(486): CodeIgniter\CodeIgniter->startController()
 7 SYSTEMPATH\CodeIgniter.php(368): CodeIgniter\CodeIgniter->handleRequest(null, Object(Config\Cache), false)
 8 FCPATH\index.php(67): CodeIgniter\CodeIgniter->run()
 9 SYSTEMPATH\Commands\Server\rewrite.php(47): require_once('C:\\xampp\\htdocs\\praktikumweb\\public\\index.php')
CRITICAL - 2023-06-29 04:59:18 --> Class "App\Controllers\Controller" not found
in APPPATH\Controllers\LayoutController.php on line 6.
 1 SYSTEMPATH\Autoloader\Autoloader.php(312): include_once()
 2 SYSTEMPATH\Autoloader\Autoloader.php(289): CodeIgniter\Autoloader\Autoloader->includeFile('C:\\xampp\\htdocs\\praktikumweb\\app\\Controllers\\LayoutController.php')
 3 SYSTEMPATH\Autoloader\Autoloader.php(267): CodeIgniter\Autoloader\Autoloader->loadInNamespace('App\\Controllers\\LayoutController')
 4 [internal function]: CodeIgniter\Autoloader\Autoloader->loadClass('App\\Controllers\\LayoutController')
 5 SYSTEMPATH\CodeIgniter.php(892): class_exists('\\App\\Controllers\\LayoutController', true)
 6 SYSTEMPATH\CodeIgniter.php(486): CodeIgniter\CodeIgniter->startController()
 7 SYSTEMPATH\CodeIgniter.php(368): CodeIgniter\CodeIgniter->handleRequest(null, Object(Config\Cache), false)
 8 FCPATH\index.php(67): CodeIgniter\CodeIgniter->run()
 9 SYSTEMPATH\Commands\Server\rewrite.php(47): require_once('C:\\xampp\\htdocs\\praktikumweb\\public\\index.php')
CRITICAL - 2023-06-29 05:02:27 --> Class "App\Controllers\Controller" not found
in APPPATH\Controllers\LayoutController.php on line 6.
 1 SYSTEMPATH\Autoloader\Autoloader.php(312): include_once()
 2 SYSTEMPATH\Autoloader\Autoloader.php(289): CodeIgniter\Autoloader\Autoloader->includeFile('C:\\xampp\\htdocs\\praktikumweb\\app\\Controllers\\LayoutController.php')
 3 SYSTEMPATH\Autoloader\Autoloader.php(267): CodeIgniter\Autoloader\Autoloader->loadInNamespace('App\\Controllers\\LayoutController')
 4 [internal function]: CodeIgniter\Autoloader\Autoloader->loadClass('App\\Controllers\\LayoutController')
 5 SYSTEMPATH\CodeIgniter.php(892): class_exists('\\App\\Controllers\\LayoutController', true)
 6 SYSTEMPATH\CodeIgniter.php(486): CodeIgniter\CodeIgniter->startController()
 7 SYSTEMPATH\CodeIgniter.php(368): CodeIgniter\CodeIgniter->handleRequest(null, Object(Config\Cache), false)
 8 FCPATH\index.php(67): CodeIgniter\CodeIgniter->run()
 9 SYSTEMPATH\Commands\Server\rewrite.php(47): require_once('C:\\xampp\\htdocs\\praktikumweb\\public\\index.php')
CRITICAL - 2023-06-29 05:04:56 --> Invalid file: "layout/32602100045_fatwaakbarjiwani.php"
in SYSTEMPATH\Exceptions\FrameworkException.php on line 33.
 1 SYSTEMPATH\View\View.php(201): CodeIgniter\Exceptions\FrameworkException::forInvalidFile('layout/32602100045_fatwaakbarjiwani.php')
 2 SYSTEMPATH\View\View.php(229): CodeIgniter\View\View->render('layout/32602100045_fatwaakbarjiwani', [], true)
 3 SYSTEMPATH\Common.php(1184): CodeIgniter\View\View->render('fatwa_32602100045', [], true)
 4 APPPATH\Controllers\LayoutController.php(9): view('fatwa_32602100045')
 5 SYSTEMPATH\CodeIgniter.php(934): App\Controllers\LayoutController->index()
 6 SYSTEMPATH\CodeIgniter.php(499): CodeIgniter\CodeIgniter->runController(Object(App\Controllers\LayoutController))
 7 SYSTEMPATH\CodeIgniter.php(368): CodeIgniter\CodeIgniter->handleRequest(null, Object(Config\Cache), false)
 8 FCPATH\index.php(67): CodeIgniter\CodeIgniter->run()
 9 SYSTEMPATH\Commands\Server\rewrite.php(47): require_once('C:\\xampp\\htdocs\\praktikumweb\\public\\index.php')
CRITICAL - 2023-06-29 05:05:43 --> Invalid file: "layout/32602100045_fatwaakbarjiwani.php"
in SYSTEMPATH\Exceptions\FrameworkException.php on line 33.
 1 SYSTEMPATH\View\View.php(201): CodeIgniter\Exceptions\FrameworkException::forInvalidFile('layout/32602100045_fatwaakbarjiwani.php')
 2 SYSTEMPATH\View\View.php(229): CodeIgniter\View\View->render('layout/32602100045_fatwaakbarjiwani', [], true)
 3 SYSTEMPATH\Common.php(1184): CodeIgniter\View\View->render('fatwa_32602100045', [], true)
 4 APPPATH\Controllers\LayoutController.php(10): view('fatwa_32602100045')
 5 SYSTEMPATH\CodeIgniter.php(934): App\Controllers\LayoutController->index()
 6 SYSTEMPATH\CodeIgniter.php(499): CodeIgniter\CodeIgniter->runController(Object(App\Controllers\LayoutController))
 7 SYSTEMPATH\CodeIgniter.php(368): CodeIgniter\CodeIgniter->handleRequest(null, Object(Config\Cache), false)
 8 FCPATH\index.php(67): CodeIgniter\CodeIgniter->run()
 9 SYSTEMPATH\Commands\Server\rewrite.php(47): require_once('C:\\xampp\\htdocs\\praktikumweb\\public\\index.php')
CRITICAL - 2023-06-29 05:05:44 --> Invalid file: "layout/32602100045_fatwaakbarjiwani.php"
in SYSTEMPATH\Exceptions\FrameworkException.php on line 33.
 1 SYSTEMPATH\View\View.php(201): CodeIgniter\Exceptions\FrameworkException::forInvalidFile('layout/32602100045_fatwaakbarjiwani.php')
 2 SYSTEMPATH\View\View.php(229): CodeIgniter\View\View->render('layout/32602100045_fatwaakbarjiwani', [], true)
 3 SYSTEMPATH\Common.php(1184): CodeIgniter\View\View->render('fatwa_32602100045', [], true)
 4 APPPATH\Controllers\LayoutController.php(10): view('fatwa_32602100045')
 5 SYSTEMPATH\CodeIgniter.php(934): App\Controllers\LayoutController->index()
 6 SYSTEMPATH\CodeIgniter.php(499): CodeIgniter\CodeIgniter->runController(Object(App\Controllers\LayoutController))
 7 SYSTEMPATH\CodeIgniter.php(368): CodeIgniter\CodeIgniter->handleRequest(null, Object(Config\Cache), false)
 8 FCPATH\index.php(67): CodeIgniter\CodeIgniter->run()
 9 SYSTEMPATH\Commands\Server\rewrite.php(47): require_once('C:\\xampp\\htdocs\\praktikumweb\\public\\index.php')
CRITICAL - 2023-06-29 05:06:00 --> Invalid file: "layout/32602100045_fatwaakbarjiwani.php"
in SYSTEMPATH\Exceptions\FrameworkException.php on line 33.
 1 SYSTEMPATH\View\View.php(201): CodeIgniter\Exceptions\FrameworkException::forInvalidFile('layout/32602100045_fatwaakbarjiwani.php')
 2 SYSTEMPATH\View\View.php(229): CodeIgniter\View\View->render('layout/32602100045_fatwaakbarjiwani', [], true)
 3 SYSTEMPATH\Common.php(1184): CodeIgniter\View\View->render('fatwa_32602100045', [], true)
 4 APPPATH\Controllers\LayoutController.php(9): view('fatwa_32602100045')
 5 SYSTEMPATH\CodeIgniter.php(934): App\Controllers\LayoutController->index()
 6 SYSTEMPATH\CodeIgniter.php(499): CodeIgniter\CodeIgniter->runController(Object(App\Controllers\LayoutController))
 7 SYSTEMPATH\CodeIgniter.php(368): CodeIgniter\CodeIgniter->handleRequest(null, Object(Config\Cache), false)
 8 FCPATH\index.php(67): CodeIgniter\CodeIgniter->run()
 9 SYSTEMPATH\Commands\Server\rewrite.php(47): require_once('C:\\xampp\\htdocs\\praktikumweb\\public\\index.php')
CRITICAL - 2023-06-29 05:06:34 --> Invalid file: "layout/32602100045_fatwaakbarjiwani.php"
in SYSTEMPATH\Exceptions\FrameworkException.php on line 33.
 1 SYSTEMPATH\View\View.php(201): CodeIgniter\Exceptions\FrameworkException::forInvalidFile('layout/32602100045_fatwaakbarjiwani.php')
 2 SYSTEMPATH\View\View.php(229): CodeIgniter\View\View->render('layout/32602100045_fatwaakbarjiwani', [], true)
 3 SYSTEMPATH\Common.php(1184): CodeIgniter\View\View->render('fatwa_32602100045', [], true)
 4 APPPATH\Controllers\LayoutController.php(9): view('fatwa_32602100045')
 5 SYSTEMPATH\CodeIgniter.php(934): App\Controllers\LayoutController->index()
 6 SYSTEMPATH\CodeIgniter.php(499): CodeIgniter\CodeIgniter->runController(Object(App\Controllers\LayoutController))
 7 SYSTEMPATH\CodeIgniter.php(368): CodeIgniter\CodeIgniter->handleRequest(null, Object(Config\Cache), false)
 8 FCPATH\index.php(67): CodeIgniter\CodeIgniter->run()
 9 SYSTEMPATH\Commands\Server\rewrite.php(47): require_once('C:\\xampp\\htdocs\\praktikumweb\\public\\index.php')
CRITICAL - 2023-06-29 05:06:35 --> Invalid file: "layout/32602100045_fatwaakbarjiwani.php"
in SYSTEMPATH\Exceptions\FrameworkException.php on line 33.
 1 SYSTEMPATH\View\View.php(201): CodeIgniter\Exceptions\FrameworkException::forInvalidFile('layout/32602100045_fatwaakbarjiwani.php')
 2 SYSTEMPATH\View\View.php(229): CodeIgniter\View\View->render('layout/32602100045_fatwaakbarjiwani', [], true)
 3 SYSTEMPATH\Common.php(1184): CodeIgniter\View\View->render('fatwa_32602100045', [], true)
 4 APPPATH\Controllers\LayoutController.php(9): view('fatwa_32602100045')
 5 SYSTEMPATH\CodeIgniter.php(934): App\Controllers\LayoutController->index()
 6 SYSTEMPATH\CodeIgniter.php(499): CodeIgniter\CodeIgniter->runController(Object(App\Controllers\LayoutController))
 7 SYSTEMPATH\CodeIgniter.php(368): CodeIgniter\CodeIgniter->handleRequest(null, Object(Config\Cache), false)
 8 FCPATH\index.php(67): CodeIgniter\CodeIgniter->run()
 9 SYSTEMPATH\Commands\Server\rewrite.php(47): require_once('C:\\xampp\\htdocs\\praktikumweb\\public\\index.php')
CRITICAL - 2023-06-29 05:06:45 --> Invalid file: "layout/32602100045_fatwaakbarjiwani.php"
in SYSTEMPATH\Exceptions\FrameworkException.php on line 33.
 1 SYSTEMPATH\View\View.php(201): CodeIgniter\Exceptions\FrameworkException::forInvalidFile('layout/32602100045_fatwaakbarjiwani.php')
 2 SYSTEMPATH\View\View.php(229): CodeIgniter\View\View->render('layout/32602100045_fatwaakbarjiwani', [], true)
 3 SYSTEMPATH\Common.php(1184): CodeIgniter\View\View->render('fatwa_32602100045', [], true)
 4 APPPATH\Controllers\LayoutController.php(9): view('fatwa_32602100045')
 5 SYSTEMPATH\CodeIgniter.php(934): App\Controllers\LayoutController->index()
 6 SYSTEMPATH\CodeIgniter.php(499): CodeIgniter\CodeIgniter->runController(Object(App\Controllers\LayoutController))
 7 SYSTEMPATH\CodeIgniter.php(368): CodeIgniter\CodeIgniter->handleRequest(null, Object(Config\Cache), false)
 8 FCPATH\index.php(67): CodeIgniter\CodeIgniter->run()
 9 SYSTEMPATH\Commands\Server\rewrite.php(47): require_once('C:\\xampp\\htdocs\\praktikumweb\\public\\index.php')
CRITICAL - 2023-06-29 05:06:45 --> Invalid file: "layout/32602100045_fatwaakbarjiwani.php"
in SYSTEMPATH\Exceptions\FrameworkException.php on line 33.
 1 SYSTEMPATH\View\View.php(201): CodeIgniter\Exceptions\FrameworkException::forInvalidFile('layout/32602100045_fatwaakbarjiwani.php')
 2 SYSTEMPATH\View\View.php(229): CodeIgniter\View\View->render('layout/32602100045_fatwaakbarjiwani', [], true)
 3 SYSTEMPATH\Common.php(1184): CodeIgniter\View\View->render('fatwa_32602100045', [], true)
 4 APPPATH\Controllers\LayoutController.php(9): view('fatwa_32602100045')
 5 SYSTEMPATH\CodeIgniter.php(934): App\Controllers\LayoutController->index()
 6 SYSTEMPATH\CodeIgniter.php(499): CodeIgniter\CodeIgniter->runController(Object(App\Controllers\LayoutController))
 7 SYSTEMPATH\CodeIgniter.php(368): CodeIgniter\CodeIgniter->handleRequest(null, Object(Config\Cache), false)
 8 FCPATH\index.php(67): CodeIgniter\CodeIgniter->run()
 9 SYSTEMPATH\Commands\Server\rewrite.php(47): require_once('C:\\xampp\\htdocs\\praktikumweb\\public\\index.php')
CRITICAL - 2023-06-29 05:07:41 --> Invalid file: "layout/32602100045_fatwaakbarjiwani.php"
in SYSTEMPATH\Exceptions\FrameworkException.php on line 33.
 1 SYSTEMPATH\View\View.php(201): CodeIgniter\Exceptions\FrameworkException::forInvalidFile('layout/32602100045_fatwaakbarjiwani.php')
 2 SYSTEMPATH\View\View.php(229): CodeIgniter\View\View->render('layout/32602100045_fatwaakbarjiwani', [], true)
 3 SYSTEMPATH\Common.php(1184): CodeIgniter\View\View->render('fatwa_32602100045', [], true)
 4 APPPATH\Controllers\LayoutController.php(13): view('fatwa_32602100045')
 5 SYSTEMPATH\CodeIgniter.php(934): App\Controllers\LayoutController->index()
 6 SYSTEMPATH\CodeIgniter.php(499): CodeIgniter\CodeIgniter->runController(Object(App\Controllers\LayoutController))
 7 SYSTEMPATH\CodeIgniter.php(368): CodeIgniter\CodeIgniter->handleRequest(null, Object(Config\Cache), false)
 8 FCPATH\index.php(67): CodeIgniter\CodeIgniter->run()
 9 SYSTEMPATH\Commands\Server\rewrite.php(47): require_once('C:\\xampp\\htdocs\\praktikumweb\\public\\index.php')
CRITICAL - 2023-06-29 05:08:02 --> Invalid file: "layout/32602100045_fatwaakbarjiwani.php"
in SYSTEMPATH\Exceptions\FrameworkException.php on line 33.
 1 SYSTEMPATH\View\View.php(201): CodeIgniter\Exceptions\FrameworkException::forInvalidFile('layout/32602100045_fatwaakbarjiwani.php')
 2 SYSTEMPATH\View\View.php(229): CodeIgniter\View\View->render('layout/32602100045_fatwaakbarjiwani', [], true)
 3 SYSTEMPATH\Common.php(1184): CodeIgniter\View\View->render('fatwa_32602100045', [], true)
 4 APPPATH\Controllers\LayoutController.php(9): view('fatwa_32602100045')
 5 SYSTEMPATH\CodeIgniter.php(934): App\Controllers\LayoutController->index()
 6 SYSTEMPATH\CodeIgniter.php(499): CodeIgniter\CodeIgniter->runController(Object(App\Controllers\LayoutController))
 7 SYSTEMPATH\CodeIgniter.php(368): CodeIgniter\CodeIgniter->handleRequest(null, Object(Config\Cache), false)
 8 FCPATH\index.php(67): CodeIgniter\CodeIgniter->run()
 9 SYSTEMPATH\Commands\Server\rewrite.php(47): require_once('C:\\xampp\\htdocs\\praktikumweb\\public\\index.php')
CRITICAL - 2023-06-29 05:08:03 --> Invalid file: "layout/32602100045_fatwaakbarjiwani.php"
in SYSTEMPATH\Exceptions\FrameworkException.php on line 33.
 1 SYSTEMPATH\View\View.php(201): CodeIgniter\Exceptions\FrameworkException::forInvalidFile('layout/32602100045_fatwaakbarjiwani.php')
 2 SYSTEMPATH\View\View.php(229): CodeIgniter\View\View->render('layout/32602100045_fatwaakbarjiwani', [], true)
 3 SYSTEMPATH\Common.php(1184): CodeIgniter\View\View->render('fatwa_32602100045', [], true)
 4 APPPATH\Controllers\LayoutController.php(9): view('fatwa_32602100045')
 5 SYSTEMPATH\CodeIgniter.php(934): App\Controllers\LayoutController->index()
 6 SYSTEMPATH\CodeIgniter.php(499): CodeIgniter\CodeIgniter->runController(Object(App\Controllers\LayoutController))
 7 SYSTEMPATH\CodeIgniter.php(368): CodeIgniter\CodeIgniter->handleRequest(null, Object(Config\Cache), false)
 8 FCPATH\index.php(67): CodeIgniter\CodeIgniter->run()
 9 SYSTEMPATH\Commands\Server\rewrite.php(47): require_once('C:\\xampp\\htdocs\\praktikumweb\\public\\index.php')
CRITICAL - 2023-06-29 05:09:59 --> Invalid file: "layout/32602100045_fatwaakbarjiwani.php"
in SYSTEMPATH\Exceptions\FrameworkException.php on line 33.
 1 SYSTEMPATH\View\View.php(201): CodeIgniter\Exceptions\FrameworkException::forInvalidFile('layout/32602100045_fatwaakbarjiwani.php')
 2 SYSTEMPATH\View\View.php(229): CodeIgniter\View\View->render('layout/32602100045_fatwaakbarjiwani', [], true)
 3 SYSTEMPATH\Common.php(1184): CodeIgniter\View\View->render('fatwa_32602100045', [], true)
 4 APPPATH\Controllers\LayoutController.php(9): view('fatwa_32602100045')
 5 SYSTEMPATH\CodeIgniter.php(934): App\Controllers\LayoutController->index()
 6 SYSTEMPATH\CodeIgniter.php(499): CodeIgniter\CodeIgniter->runController(Object(App\Controllers\LayoutController))
 7 SYSTEMPATH\CodeIgniter.php(368): CodeIgniter\CodeIgniter->handleRequest(null, Object(Config\Cache), false)
 8 FCPATH\index.php(67): CodeIgniter\CodeIgniter->run()
 9 SYSTEMPATH\Commands\Server\rewrite.php(47): require_once('C:\\xampp\\htdocs\\praktikumweb\\public\\index.php')
CRITICAL - 2023-06-29 05:10:00 --> Invalid file: "layout/32602100045_fatwaakbarjiwani.php"
in SYSTEMPATH\Exceptions\FrameworkException.php on line 33.
 1 SYSTEMPATH\View\View.php(201): CodeIgniter\Exceptions\FrameworkException::forInvalidFile('layout/32602100045_fatwaakbarjiwani.php')
 2 SYSTEMPATH\View\View.php(229): CodeIgniter\View\View->render('layout/32602100045_fatwaakbarjiwani', [], true)
 3 SYSTEMPATH\Common.php(1184): CodeIgniter\View\View->render('fatwa_32602100045', [], true)
 4 APPPATH\Controllers\LayoutController.php(9): view('fatwa_32602100045')
 5 SYSTEMPATH\CodeIgniter.php(934): App\Controllers\LayoutController->index()
 6 SYSTEMPATH\CodeIgniter.php(499): CodeIgniter\CodeIgniter->runController(Object(App\Controllers\LayoutController))
 7 SYSTEMPATH\CodeIgniter.php(368): CodeIgniter\CodeIgniter->handleRequest(null, Object(Config\Cache), false)
 8 FCPATH\index.php(67): CodeIgniter\CodeIgniter->run()
 9 SYSTEMPATH\Commands\Server\rewrite.php(47): require_once('C:\\xampp\\htdocs\\praktikumweb\\public\\index.php')
CRITICAL - 2023-06-29 05:10:58 --> Invalid file: "layout/32602100045_fatwaakbarjiwani.php"
in SYSTEMPATH\Exceptions\FrameworkException.php on line 33.
 1 SYSTEMPATH\View\View.php(201): CodeIgniter\Exceptions\FrameworkException::forInvalidFile('layout/32602100045_fatwaakbarjiwani.php')
 2 SYSTEMPATH\View\View.php(229): CodeIgniter\View\View->render('layout/32602100045_fatwaakbarjiwani', [], true)
 3 SYSTEMPATH\Common.php(1184): CodeIgniter\View\View->render('fatwa_32602100045', [], true)
 4 APPPATH\Controllers\LayoutController.php(9): view('fatwa_32602100045')
 5 SYSTEMPATH\CodeIgniter.php(934): App\Controllers\LayoutController->index()
 6 SYSTEMPATH\CodeIgniter.php(499): CodeIgniter\CodeIgniter->runController(Object(App\Controllers\LayoutController))
 7 SYSTEMPATH\CodeIgniter.php(368): CodeIgniter\CodeIgniter->handleRequest(null, Object(Config\Cache), false)
 8 FCPATH\index.php(67): CodeIgniter\CodeIgniter->run()
 9 SYSTEMPATH\Commands\Server\rewrite.php(47): require_once('C:\\xampp\\htdocs\\praktikumweb\\public\\index.php')
CRITICAL - 2023-06-29 05:10:59 --> Invalid file: "layout/32602100045_fatwaakbarjiwani.php"
in SYSTEMPATH\Exceptions\FrameworkException.php on line 33.
 1 SYSTEMPATH\View\View.php(201): CodeIgniter\Exceptions\FrameworkException::forInvalidFile('layout/32602100045_fatwaakbarjiwani.php')
 2 SYSTEMPATH\View\View.php(229): CodeIgniter\View\View->render('layout/32602100045_fatwaakbarjiwani', [], true)
 3 SYSTEMPATH\Common.php(1184): CodeIgniter\View\View->render('fatwa_32602100045', [], true)
 4 APPPATH\Controllers\LayoutController.php(9): view('fatwa_32602100045')
 5 SYSTEMPATH\CodeIgniter.php(934): App\Controllers\LayoutController->index()
 6 SYSTEMPATH\CodeIgniter.php(499): CodeIgniter\CodeIgniter->runController(Object(App\Controllers\LayoutController))
 7 SYSTEMPATH\CodeIgniter.php(368): CodeIgniter\CodeIgniter->handleRequest(null, Object(Config\Cache), false)
 8 FCPATH\index.php(67): CodeIgniter\CodeIgniter->run()
 9 SYSTEMPATH\Commands\Server\rewrite.php(47): require_once('C:\\xampp\\htdocs\\praktikumweb\\public\\index.php')
CRITICAL - 2023-06-29 05:11:01 --> Invalid file: "layout/32602100045_fatwaakbarjiwani.php"
in SYSTEMPATH\Exceptions\FrameworkException.php on line 33.
 1 SYSTEMPATH\View\View.php(201): CodeIgniter\Exceptions\FrameworkException::forInvalidFile('layout/32602100045_fatwaakbarjiwani.php')
 2 SYSTEMPATH\View\View.php(229): CodeIgniter\View\View->render('layout/32602100045_fatwaakbarjiwani', [], true)
 3 SYSTEMPATH\Common.php(1184): CodeIgniter\View\View->render('fatwa_32602100045', [], true)
 4 APPPATH\Controllers\LayoutController.php(9): view('fatwa_32602100045')
 5 SYSTEMPATH\CodeIgniter.php(934): App\Controllers\LayoutController->index()
 6 SYSTEMPATH\CodeIgniter.php(499): CodeIgniter\CodeIgniter->runController(Object(App\Controllers\LayoutController))
 7 SYSTEMPATH\CodeIgniter.php(368): CodeIgniter\CodeIgniter->handleRequest(null, Object(Config\Cache), false)
 8 FCPATH\index.php(67): CodeIgniter\CodeIgniter->run()
 9 SYSTEMPATH\Commands\Server\rewrite.php(47): require_once('C:\\xampp\\htdocs\\praktikumweb\\public\\index.php')
CRITICAL - 2023-06-29 05:11:04 --> Invalid file: "layout/32602100045_fatwaakbarjiwani.php"
in SYSTEMPATH\Exceptions\FrameworkException.php on line 33.
 1 SYSTEMPATH\View\View.php(201): CodeIgniter\Exceptions\FrameworkException::forInvalidFile('layout/32602100045_fatwaakbarjiwani.php')
 2 SYSTEMPATH\View\View.php(229): CodeIgniter\View\View->render('layout/32602100045_fatwaakbarjiwani', [], true)
 3 SYSTEMPATH\Common.php(1184): CodeIgniter\View\View->render('fatwa_32602100045', [], true)
 4 APPPATH\Controllers\LayoutController.php(9): view('fatwa_32602100045')
 5 SYSTEMPATH\CodeIgniter.php(934): App\Controllers\LayoutController->index()
 6 SYSTEMPATH\CodeIgniter.php(499): CodeIgniter\CodeIgniter->runController(Object(App\Controllers\LayoutController))
 7 SYSTEMPATH\CodeIgniter.php(368): CodeIgniter\CodeIgniter->handleRequest(null, Object(Config\Cache), false)
 8 FCPATH\index.php(67): CodeIgniter\CodeIgniter->run()
 9 SYSTEMPATH\Commands\Server\rewrite.php(47): require_once('C:\\xampp\\htdocs\\praktikumweb\\public\\index.php')
CRITICAL - 2023-06-29 05:12:31 --> Invalid file: "layout/32602100045_fatwaakbarjiwani.php"
in SYSTEMPATH\Exceptions\FrameworkException.php on line 33.
 1 SYSTEMPATH\View\View.php(201): CodeIgniter\Exceptions\FrameworkException::forInvalidFile('layout/32602100045_fatwaakbarjiwani.php')
 2 SYSTEMPATH\View\View.php(229): CodeIgniter\View\View->render('layout/32602100045_fatwaakbarjiwani', [], true)
 3 SYSTEMPATH\Common.php(1184): CodeIgniter\View\View->render('fatwa_32602100045', [], true)
 4 APPPATH\Controllers\LayoutController.php(9): view('fatwa_32602100045')
 5 SYSTEMPATH\CodeIgniter.php(934): App\Controllers\LayoutController->index()
 6 SYSTEMPATH\CodeIgniter.php(499): CodeIgniter\CodeIgniter->runController(Object(App\Controllers\LayoutController))
 7 SYSTEMPATH\CodeIgniter.php(368): CodeIgniter\CodeIgniter->handleRequest(null, Object(Config\Cache), false)
 8 FCPATH\index.php(67): CodeIgniter\CodeIgniter->run()
 9 SYSTEMPATH\Commands\Server\rewrite.php(47): require_once('C:\\xampp\\htdocs\\praktikumweb\\public\\index.php')
CRITICAL - 2023-06-29 05:12:32 --> Invalid file: "layout/32602100045_fatwaakbarjiwani.php"
in SYSTEMPATH\Exceptions\FrameworkException.php on line 33.
 1 SYSTEMPATH\View\View.php(201): CodeIgniter\Exceptions\FrameworkException::forInvalidFile('layout/32602100045_fatwaakbarjiwani.php')
 2 SYSTEMPATH\View\View.php(229): CodeIgniter\View\View->render('layout/32602100045_fatwaakbarjiwani', [], true)
 3 SYSTEMPATH\Common.php(1184): CodeIgniter\View\View->render('fatwa_32602100045', [], true)
 4 APPPATH\Controllers\LayoutController.php(9): view('fatwa_32602100045')
 5 SYSTEMPATH\CodeIgniter.php(934): App\Controllers\LayoutController->index()
 6 SYSTEMPATH\CodeIgniter.php(499): CodeIgniter\CodeIgniter->runController(Object(App\Controllers\LayoutController))
 7 SYSTEMPATH\CodeIgniter.php(368): CodeIgniter\CodeIgniter->handleRequest(null, Object(Config\Cache), false)
 8 FCPATH\index.php(67): CodeIgniter\CodeIgniter->run()
 9 SYSTEMPATH\Commands\Server\rewrite.php(47): require_once('C:\\xampp\\htdocs\\praktikumweb\\public\\index.php')
CRITICAL - 2023-06-29 05:12:35 --> Invalid file: "layout/32602100045_fatwaakbarjiwani.php"
in SYSTEMPATH\Exceptions\FrameworkException.php on line 33.
 1 SYSTEMPATH\View\View.php(201): CodeIgniter\Exceptions\FrameworkException::forInvalidFile('layout/32602100045_fatwaakbarjiwani.php')
 2 SYSTEMPATH\View\View.php(229): CodeIgniter\View\View->render('layout/32602100045_fatwaakbarjiwani', [], true)
 3 SYSTEMPATH\Common.php(1184): CodeIgniter\View\View->render('fatwa_32602100045', [], true)
 4 APPPATH\Controllers\LayoutController.php(9): view('fatwa_32602100045')
 5 SYSTEMPATH\CodeIgniter.php(934): App\Controllers\LayoutController->index()
 6 SYSTEMPATH\CodeIgniter.php(499): CodeIgniter\CodeIgniter->runController(Object(App\Controllers\LayoutController))
 7 SYSTEMPATH\CodeIgniter.php(368): CodeIgniter\CodeIgniter->handleRequest(null, Object(Config\Cache), false)
 8 FCPATH\index.php(67): CodeIgniter\CodeIgniter->run()
 9 SYSTEMPATH\Commands\Server\rewrite.php(47): require_once('C:\\xampp\\htdocs\\praktikumweb\\public\\index.php')
CRITICAL - 2023-06-29 05:12:37 --> Invalid file: "layout/32602100045_fatwaakbarjiwani.php"
in SYSTEMPATH\Exceptions\FrameworkException.php on line 33.
 1 SYSTEMPATH\View\View.php(201): CodeIgniter\Exceptions\FrameworkException::forInvalidFile('layout/32602100045_fatwaakbarjiwani.php')
 2 SYSTEMPATH\View\View.php(229): CodeIgniter\View\View->render('layout/32602100045_fatwaakbarjiwani', [], true)
 3 SYSTEMPATH\Common.php(1184): CodeIgniter\View\View->render('fatwa_32602100045', [], true)
 4 APPPATH\Controllers\LayoutController.php(9): view('fatwa_32602100045')
 5 SYSTEMPATH\CodeIgniter.php(934): App\Controllers\LayoutController->index()
 6 SYSTEMPATH\CodeIgniter.php(499): CodeIgniter\CodeIgniter->runController(Object(App\Controllers\LayoutController))
 7 SYSTEMPATH\CodeIgniter.php(368): CodeIgniter\CodeIgniter->handleRequest(null, Object(Config\Cache), false)
 8 FCPATH\index.php(67): CodeIgniter\CodeIgniter->run()
 9 SYSTEMPATH\Commands\Server\rewrite.php(47): require_once('C:\\xampp\\htdocs\\praktikumweb\\public\\index.php')
CRITICAL - 2023-06-29 05:15:09 --> Call to undefined method CodeIgniter\View\View::extends()
in APPPATH\Views\profile.php on line 2.
 1 SYSTEMPATH\View\View.php(213): include()
 2 SYSTEMPATH\View\View.php(216): CodeIgniter\View\View->CodeIgniter\View\{closure}()
 3 SYSTEMPATH\Common.php(1184): CodeIgniter\View\View->render('profile', [], true)
 4 APPPATH\Controllers\Pages.php(7): view('profile')
 5 SYSTEMPATH\CodeIgniter.php(934): App\Controllers\Pages->profile()
 6 SYSTEMPATH\CodeIgniter.php(499): CodeIgniter\CodeIgniter->runController(Object(App\Controllers\Pages))
 7 SYSTEMPATH\CodeIgniter.php(368): CodeIgniter\CodeIgniter->handleRequest(null, Object(Config\Cache), false)
 8 FCPATH\index.php(67): CodeIgniter\CodeIgniter->run()
 9 SYSTEMPATH\Commands\Server\rewrite.php(47): require_once('C:\\xampp\\htdocs\\praktikumweb\\public\\index.php')
CRITICAL - 2023-06-29 05:15:09 --> Call to undefined method CodeIgniter\View\View::extends()
in APPPATH\Views\profile.php on line 2.
 1 SYSTEMPATH\View\View.php(213): include()
 2 SYSTEMPATH\View\View.php(216): CodeIgniter\View\View->CodeIgniter\View\{closure}()
 3 SYSTEMPATH\Common.php(1184): CodeIgniter\View\View->render('profile', [], true)
 4 APPPATH\Controllers\Pages.php(7): view('profile')
 5 SYSTEMPATH\CodeIgniter.php(934): App\Controllers\Pages->profile()
 6 SYSTEMPATH\CodeIgniter.php(499): CodeIgniter\CodeIgniter->runController(Object(App\Controllers\Pages))
 7 SYSTEMPATH\CodeIgniter.php(368): CodeIgniter\CodeIgniter->handleRequest(null, Object(Config\Cache), false)
 8 FCPATH\index.php(67): CodeIgniter\CodeIgniter->run()
 9 SYSTEMPATH\Commands\Server\rewrite.php(47): require_once('C:\\xampp\\htdocs\\praktikumweb\\public\\index.php')
CRITICAL - 2023-06-29 05:16:49 --> Call to undefined method CodeIgniter\View\View::extends()
in APPPATH\Views\profile.php on line 2.
 1 SYSTEMPATH\View\View.php(213): include()
 2 SYSTEMPATH\View\View.php(216): CodeIgniter\View\View->CodeIgniter\View\{closure}()
 3 SYSTEMPATH\Common.php(1184): CodeIgniter\View\View->render('profile', [], true)
 4 APPPATH\Controllers\Pages.php(6): view('profile')
 5 SYSTEMPATH\CodeIgniter.php(934): App\Controllers\Pages->profile()
 6 SYSTEMPATH\CodeIgniter.php(499): CodeIgniter\CodeIgniter->runController(Object(App\Controllers\Pages))
 7 SYSTEMPATH\CodeIgniter.php(368): CodeIgniter\CodeIgniter->handleRequest(null, Object(Config\Cache), false)
 8 FCPATH\index.php(67): CodeIgniter\CodeIgniter->run()
 9 SYSTEMPATH\Commands\Server\rewrite.php(47): require_once('C:\\xampp\\htdocs\\praktikumweb\\public\\index.php')
CRITICAL - 2023-06-29 05:16:49 --> Call to undefined method CodeIgniter\View\View::extends()
in APPPATH\Views\profile.php on line 2.
 1 SYSTEMPATH\View\View.php(213): include()
 2 SYSTEMPATH\View\View.php(216): CodeIgniter\View\View->CodeIgniter\View\{closure}()
 3 SYSTEMPATH\Common.php(1184): CodeIgniter\View\View->render('profile', [], true)
 4 APPPATH\Controllers\Pages.php(6): view('profile')
 5 SYSTEMPATH\CodeIgniter.php(934): App\Controllers\Pages->profile()
 6 SYSTEMPATH\CodeIgniter.php(499): CodeIgniter\CodeIgniter->runController(Object(App\Controllers\Pages))
 7 SYSTEMPATH\CodeIgniter.php(368): CodeIgniter\CodeIgniter->handleRequest(null, Object(Config\Cache), false)
 8 FCPATH\index.php(67): CodeIgniter\CodeIgniter->run()
 9 SYSTEMPATH\Commands\Server\rewrite.php(47): require_once('C:\\xampp\\htdocs\\praktikumweb\\public\\index.php')
